# JRE version: Java(TM) SE Runtime Environment (11.0.1+13) (build 11.0.1+13-LTS)
# Java VM: Java HotSpot(TM) 64-Bit Server VM (11.0.1+13-LTS, mixed mode, tiered, compressed oops, g1 gc, windows-amd64)
Heap:
 garbage-first heap   total 131072K, used 10570K [0x0000000081c00000, 0x0000000100000000)
  region size 1024K, 8 young (8192K), 3 survivors (3072K)
 Metaspace       used 21696K, capacity 21986K, committed 22192K, reserved 1069056K
  class space    used 2388K, capacity 2475K, committed 2560K, reserved 1048576K
GC Heap History (8 events):
Event: 0.970 GC heap before
{Heap before GC invocations=0 (full 0):
 garbage-first heap   total 131072K, used 13312K [0x0000000081c00000, 0x0000000100000000)
  region size 1024K, 14 young (14336K), 0 survivors (0K)
 Metaspace       used 10463K, capacity 10643K, committed 10880K, reserved 1058816K
  class space    used 981K, capacity 1056K, committed 1152K, reserved 1048576K
}
Event: 0.988 GC heap after
{Heap after GC invocations=1 (full 0):
 garbage-first heap   total 131072K, used 3847K [0x0000000081c00000, 0x0000000100000000)
  region size 1024K, 2 young (2048K), 2 survivors (2048K)
 Metaspace       used 10463K, capacity 10643K, committed 10880K, reserved 1058816K
  class space    used 981K, capacity 1056K, committed 1152K, reserved 1048576K
}
Event: 1.231 GC heap before
{Heap before GC invocations=1 (full 0):
 garbage-first heap   total 131072K, used 13063K [0x0000000081c00000, 0x0000000100000000)
  region size 1024K, 11 young (11264K), 2 survivors (2048K)
 Metaspace       used 13297K, capacity 13567K, committed 13824K, reserved 1060864K
  class space    used 1341K, capacity 1436K, committed 1536K, reserved 1048576K
}
Event: 1.235 GC heap after
{Heap after GC invocations=2 (full 0):
 garbage-first heap   total 131072K, used 4661K [0x0000000081c00000, 0x0000000100000000)
  region size 1024K, 1 young (1024K), 1 survivors (1024K)
 Metaspace       used 13297K, capacity 13567K, committed 13824K, reserved 1060864K
  class space    used 1341K, capacity 1436K, committed 1536K, reserved 1048576K
}
Event: 2.232 GC heap before
{Heap before GC invocations=2 (full 0):
 garbage-first heap   total 131072K, used 31285K [0x0000000081c00000, 0x0000000100000000)
  region size 1024K, 28 young (28672K), 1 survivors (1024K)
 Metaspace       used 19736K, capacity 19999K, committed 20224K, reserved 1067008K
  class space    used 2140K, capacity 2218K, committed 2304K, reserved 1048576K
}
Event: 2.238 GC heap after
{Heap after GC invocations=3 (full 0):
 garbage-first heap   total 131072K, used 6011K [0x0000000081c00000, 0x0000000100000000)
  region size 1024K, 3 young (3072K), 3 survivors (3072K)
 Metaspace       used 19736K, capacity 19999K, committed 20224K, reserved 1067008K
  class space    used 2140K, capacity 2218K, committed 2304K, reserved 1048576K
}
Event: 2.435 GC heap before
{Heap before GC invocations=3 (full 0):
 garbage-first heap   total 131072K, used 13179K [0x0000000081c00000, 0x0000000100000000)
  region size 1024K, 11 young (11264K), 3 survivors (3072K)
 Metaspace       used 20938K, capacity 21183K, committed 21296K, reserved 1069056K
  class space    used 2290K, capacity 2378K, committed 2432K, reserved 1048576K
}
Event: 2.439 GC heap after
{Heap after GC invocations=4 (full 0):
 garbage-first heap   total 131072K, used 6474K [0x0000000081c00000, 0x0000000100000000)
  region size 1024K, 3 young (3072K), 3 survivors (3072K)
 Metaspace       used 20938K, capacity 21183K, committed 21296K, reserved 1069056K
  class space    used 2290K, capacity 2378K, committed 2432K, reserved 1048576K
}

